[0910/141147.537:ERROR:process_reader_win.cc(123)] NtOpenThread: {Access Denied} A process has requested access to an object, but has not been granted those access rights. (0xc0000022)
[0910/141147.537:ERROR:process_reader_win.cc(123)] NtOpenThread: {Access Denied} A process has requested access to an object, but has not been granted those access rights. (0xc0000022)
[0910/141147.537:ERROR:process_reader_win.cc(123)] NtOpenThread: {Access Denied} A process has requested access to an object, but has not been granted those access rights. (0xc0000022)
[0910/141147.849:ERROR:exception_snapshot_win.cc(99)] thread ID 4956 not found in process
[0910/141147.849:ERROR:exception_snapshot_win.cc(99)] thread ID 6416 not found in process
[0910/141147.849:ERROR:exception_snapshot_win.cc(99)] thread ID 7788 not found in process
[0913/230442.896:ERROR:process_reader_win.cc(123)] NtOpenThread: {Access Denied} A process has requested access to an object, but has not been granted those access rights. (0xc0000022)
[0913/230442.896:ERROR:process_reader_win.cc(123)] NtOpenThread: {Access Denied} A process has requested access to an object, but has not been granted those access rights. (0xc0000022)
[0913/230442.938:ERROR:process_reader_win.cc(123)] NtOpenThread: {Access Denied} A process has requested access to an object, but has not been granted those access rights. (0xc0000022)
[0913/230442.977:ERROR:exception_snapshot_win.cc(99)] thread ID 3248 not found in process
[0913/230442.977:ERROR:exception_snapshot_win.cc(99)] thread ID 13360 not found in process
[0913/230442.977:ERROR:exception_snapshot_win.cc(99)] thread ID 8376 not found in process
[0913/230442.969:ERROR:process_reader_win.cc(123)] NtOpenThread: {Access Denied} A process has requested access to an object, but has not been granted those access rights. (0xc0000022)
[0913/230442.984:ERROR:exception_snapshot_win.cc(99)] thread ID 8988 not found in process
[0913/230443.029:ERROR:process_reader_win.cc(123)] NtOpenThread: {Access Denied} A process has requested access to an object, but has not been granted those access rights. (0xc0000022)
[0913/230443.029:ERROR:exception_snapshot_win.cc(99)] thread ID 12348 not found in process
[0913/230443.035:ERROR:process_reader_win.cc(123)] NtOpenThread: {Access Denied} A process has requested access to an object, but has not been granted those access rights. (0xc0000022)
[0913/230443.035:ERROR:exception_snapshot_win.cc(99)] thread ID 13676 not found in process
[0913/230443.148:ERROR:process_reader_win.cc(123)] NtOpenThread: {Access Denied} A process has requested access to an object, but has not been granted those access rights. (0xc0000022)
[0913/230443.148:ERROR:exception_snapshot_win.cc(99)] thread ID 8520 not found in process
[0913/230443.155:ERROR:process_reader_win.cc(123)] NtOpenThread: {Access Denied} A process has requested access to an object, but has not been granted those access rights. (0xc0000022)
[0913/230443.155:ERROR:exception_snapshot_win.cc(99)] thread ID 12764 not found in process
[0913/230443.210:ERROR:process_reader_win.cc(123)] NtOpenThread: {Access Denied} A process has requested access to an object, but has not been granted those access rights. (0xc0000022)
[0913/230443.210:ERROR:exception_snapshot_win.cc(99)] thread ID 6572 not found in process
[0913/230443.210:ERROR:process_reader_win.cc(123)] NtOpenThread: {Access Denied} A process has requested access to an object, but has not been granted those access rights. (0xc0000022)
[0913/230443.211:ERROR:exception_snapshot_win.cc(99)] thread ID 14188 not found in process
[0913/230443.231:ERROR:process_reader_win.cc(123)] NtOpenThread: {Access Denied} A process has requested access to an object, but has not been granted those access rights. (0xc0000022)
[0913/230443.231:ERROR:exception_snapshot_win.cc(99)] thread ID 13452 not found in process
[0913/230443.234:ERROR:process_reader_win.cc(123)] NtOpenThread: {Access Denied} A process has requested access to an object, but has not been granted those access rights. (0xc0000022)
[0913/230443.234:ERROR:exception_snapshot_win.cc(99)] thread ID 1664 not found in process
[0913/230443.307:ERROR:process_reader_win.cc(123)] NtOpenThread: {Access Denied} A process has requested access to an object, but has not been granted those access rights. (0xc0000022)
[0913/230443.307:ERROR:exception_snapshot_win.cc(99)] thread ID 9980 not found in process
[1005/080913.112:ERROR:settings.cc(320)] Settings magic is not 1129342067
[1006/215054.625:ERROR:process_info.cc(329)] VirtualQueryEx: Access is denied. (0x5)
[1006/215054.810:ERROR:process_info.cc(556)] ReadMemoryInfo failed
[1006/215054.810:ERROR:process_memory_win.cc(39)] Failed to initialize ProcessInfo.
[1006/215054.743:ERROR:process_reader_win.cc(123)] NtOpenThread: {Access Denied} A process has requested access to an object, but has not been granted those access rights. (0xc0000022)
[1006/215054.811:ERROR:exception_snapshot_win.cc(99)] thread ID 15216 not found in process
[1006/215054.650:ERROR:process_reader_win.cc(123)] NtOpenThread: {Access Denied} A process has requested access to an object, but has not been granted those access rights. (0xc0000022)
[1006/215054.811:ERROR:exception_snapshot_win.cc(99)] thread ID 10036 not found in process
[1006/215054.810:ERROR:scoped_process_suspend.cc(40)] NtResumeProcess: An attempt was made to access an exiting process. (0xc000010a)
[1006/215054.911:ERROR:process_reader_win.cc(123)] NtOpenThread: {Access Denied} A process has requested access to an object, but has not been granted those access rights. (0xc0000022)
[1006/215054.911:ERROR:exception_snapshot_win.cc(99)] thread ID 10740 not found in process
[1006/215055.161:ERROR:process_reader_win.cc(123)] NtOpenThread: {Access Denied} A process has requested access to an object, but has not been granted those access rights. (0xc0000022)
[1006/215055.161:ERROR:exception_snapshot_win.cc(99)] thread ID 7336 not found in process
[1010/175504.596:ERROR:directory_reader_win.cc(43)] FindFirstFile: The system cannot find the path specified. (0x3)
[1010/182342.062:ERROR:directory_reader_win.cc(43)] FindFirstFile: The system cannot find the path specified. (0x3)
[1010/183424.086:ERROR:directory_reader_win.cc(43)] FindFirstFile: The system cannot find the path specified. (0x3)
[1010/202953.729:ERROR:directory_reader_win.cc(43)] FindFirstFile: The system cannot find the path specified. (0x3)
[1011/151937.090:ERROR:directory_reader_win.cc(43)] FindFirstFile: The system cannot find the path specified. (0x3)
[1011/153049.288:ERROR:directory_reader_win.cc(43)] FindFirstFile: The system cannot find the path specified. (0x3)
[1011/154733.274:ERROR:directory_reader_win.cc(43)] FindFirstFile: The system cannot find the path specified. (0x3)
[1011/175257.908:ERROR:directory_reader_win.cc(43)] FindFirstFile: The system cannot find the path specified. (0x3)
[1011/182604.537:ERROR:directory_reader_win.cc(43)] FindFirstFile: The system cannot find the path specified. (0x3)
[1012/222544.009:ERROR:directory_reader_win.cc(43)] FindFirstFile: The system cannot find the path specified. (0x3)
[1014/070914.543:ERROR:directory_reader_win.cc(43)] FindFirstFile: The system cannot find the path specified. (0x3)
[1014/223625.908:ERROR:process_reader_win.cc(123)] NtOpenThread: {Access Denied} A process has requested access to an object, but has not been granted those access rights. (0xc0000022)
[1014/223625.908:ERROR:process_reader_win.cc(123)] NtOpenThread: {Access Denied} A process has requested access to an object, but has not been granted those access rights. (0xc0000022)
[1014/223625.939:ERROR:process_reader_win.cc(123)] NtOpenThread: {Access Denied} A process has requested access to an object, but has not been granted those access rights. (0xc0000022)
[1014/223626.095:ERROR:exception_snapshot_win.cc(99)] thread ID 14276 not found in process
[1014/223625.924:ERROR:process_reader_win.cc(123)] NtOpenThread: {Access Denied} A process has requested access to an object, but has not been granted those access rights. (0xc0000022)
[1014/223625.908:ERROR:process_reader_win.cc(123)] NtOpenThread: {Access Denied} A process has requested access to an object, but has not been granted those access rights. (0xc0000022)
[1014/223625.908:ERROR:process_reader_win.cc(123)] NtOpenThread: {Access Denied} A process has requested access to an object, but has not been granted those access rights. (0xc0000022)
[1014/223626.095:ERROR:exception_snapshot_win.cc(99)] thread ID 14412 not found in process
[1014/223626.095:ERROR:exception_snapshot_win.cc(99)] thread ID 2064 not found in process
[1014/223626.095:ERROR:exception_snapshot_win.cc(99)] thread ID 13840 not found in process
[1014/223626.095:ERROR:scoped_process_suspend.cc(40)] NtResumeProcess: An attempt was made to access an exiting process. (0xc000010a)
[1014/223626.174:ERROR:exception_snapshot_win.cc(99)] thread ID 15836 not found in process
[1014/223626.174:ERROR:exception_snapshot_win.cc(99)] thread ID 10596 not found in process
[1014/223626.174:ERROR:scoped_process_suspend.cc(40)] NtResumeProcess: An attempt was made to access an exiting process. (0xc000010a)
[1014/223626.174:ERROR:scoped_process_suspend.cc(40)] NtResumeProcess: An attempt was made to access an exiting process. (0xc000010a)
[1014/223626.174:ERROR:scoped_process_suspend.cc(40)] NtResumeProcess: An attempt was made to access an exiting process. (0xc000010a)
[1014/223626.174:ERROR:scoped_process_suspend.cc(40)] NtResumeProcess: An attempt was made to access an exiting process. (0xc000010a)
[1014/223626.174:ERROR:scoped_process_suspend.cc(40)] NtResumeProcess: An attempt was made to access an exiting process. (0xc000010a)
